2025-12-26 22:56:33,092 | MainProcess | Computing primary ITT-like analysis (no crossover censoring)
2025-12-26 22:56:33,488 | MainProcess | Saved primary CSV: C:\github\CzechFOI-DRATE-OPENSCI\Plot Results\AE) Landmark_RMST\AE) Landmark_full_emperical_RMST_primary_ITT_AG70.csv | Landmarks computed: 101
2025-12-26 22:56:33,490 | MainProcess | Computing sensitivity per-protocol analysis (with crossover censoring, uncorrected)
2025-12-26 22:56:33,939 | MainProcess | Saved sensitivity CSV: C:\github\CzechFOI-DRATE-OPENSCI\Plot Results\AE) Landmark_RMST\AE) Landmark_full_emperical_RMST_sensitivity_PP_AG70.csv | Landmarks computed: 101
2025-12-26 22:56:33,939 | MainProcess | Starting bootstrap for primary...
2025-12-26 22:57:38,036 | MainProcess | Primary bootstrap CI added and CSV updated: C:\github\CzechFOI-DRATE-OPENSCI\Plot Results\AE) Landmark_RMST\AE) Landmark_full_emperical_RMST_primary_ITT_AG70.csv
2025-12-26 22:57:38,037 | MainProcess | Starting bootstrap for sensitivity...
2025-12-26 22:58:58,889 | MainProcess | Sensitivity bootstrap CI added and CSV updated: C:\github\CzechFOI-DRATE-OPENSCI\Plot Results\AE) Landmark_RMST\AE) Landmark_full_emperical_RMST_sensitivity_PP_AG70.csv
2025-12-26 22:58:59,889 | MainProcess | Primary ΔRMST plot saved: C:\github\CzechFOI-DRATE-OPENSCI\Plot Results\AE) Landmark_RMST\AE) Landmark_full_emperical_RMST_ΔRMST_primary_ITT_AG70.html
2025-12-26 22:58:59,954 | MainProcess | Sensitivity ΔRMST plot saved: C:\github\CzechFOI-DRATE-OPENSCI\Plot Results\AE) Landmark_RMST\AE) Landmark_full_emperical_RMST_ΔRMST_sensitivity_PP_AG70.html
2025-12-26 22:59:00,207 | MainProcess | Primary survival plot saved: C:\github\CzechFOI-DRATE-OPENSCI\Plot Results\AE) Landmark_RMST\AE) Landmark_full_emperical_RMST_Survival_primary_ITT_AG70.html
2025-12-26 22:59:00,502 | MainProcess | Sensitivity survival plot saved: C:\github\CzechFOI-DRATE-OPENSCI\Plot Results\AE) Landmark_RMST\AE) Landmark_full_emperical_RMST_Survival_sensitivity_PP_AG70.html
2025-12-26 22:59:00,551 | MainProcess | ΔΔRMST comparison plot saved: C:\github\CzechFOI-DRATE-OPENSCI\Plot Results\AE) Landmark_RMST\AE) Landmark_full_emperical_RMST_ΔΔRMST_comparison_AG70.html
2025-12-26 22:59:00,551 | MainProcess | --------------------------------------------------------------------------
2025-12-26 22:59:00,552 | MainProcess | Empirical Landmark RMST summary (non-parametric, unbiased)
2025-12-26 22:59:00,552 | MainProcess | Total subjects: 136530
2025-12-26 22:59:00,552 | MainProcess | Total vaccinated (any time): 113641
2025-12-26 22:59:00,553 | MainProcess | Total deaths: 7837
2025-12-26 22:59:00,553 | MainProcess | Same-day death+vax cases: 0
2025-12-26 22:59:00,554 | MainProcess | Median effective horizon (days): 354
2025-12-26 22:59:00,554 | MainProcess | Landmarks computed: 101
2025-12-26 22:59:00,554 | MainProcess | Primary ITT-like (no censoring):
2025-12-26 22:59:00,554 | MainProcess | Median ΔRMST unrestricted: +1.31 days
2025-12-26 22:59:00,554 | MainProcess | Mean ΔRMST unrestricted: +2.55 days
2025-12-26 22:59:00,554 | MainProcess | Median ΔRMST fixed 365: +1.31 days
2025-12-26 22:59:00,554 | MainProcess | Mean ΔRMST fixed 365: +2.04 days
2025-12-26 22:59:00,555 | MainProcess | Median N_v: 111098; Median N_u: 19452
2025-12-26 22:59:00,555 | MainProcess | Sensitivity Per-Protocol (uncorrected censoring):
2025-12-26 22:59:00,555 | MainProcess | Median ΔRMST unrestricted: +4.67 days
2025-12-26 22:59:00,555 | MainProcess | Mean ΔRMST unrestricted: +10.70 days
2025-12-26 22:59:00,555 | MainProcess | Median ΔRMST fixed 365: +4.67 days
2025-12-26 22:59:00,555 | MainProcess | Mean ΔRMST fixed 365: +4.17 days
2025-12-26 22:59:00,556 | MainProcess | Median N_v: 111098; Median N_u: 19452
2025-12-26 22:59:00,556 | MainProcess | Conditional Summary - Representative Values (median across all landmarks)
2025-12-26 22:59:00,556 | MainProcess | Primary ITT-like (no crossover censoring):
2025-12-26 22:59:00,556 | MainProcess |   Unrestricted mean: ΔRMST: +1.31 days | 95% CI: [0.94, 1.97] | VE approx: 0.4% | Survival at 365 days: 96.3% vs 95.1% (vx vs uvx)
2025-12-26 22:59:00,556 | MainProcess |   Fixed 365-day horizon: ΔRMST: +1.31 days | 95% CI: [0.83, 1.86]
2025-12-26 22:59:00,556 | MainProcess | Sensitivity Per-Protocol (uncorrected censoring at crossover):
2025-12-26 22:59:00,556 | MainProcess |   Unrestricted mean: ΔRMST: +4.67 days | 95% CI: [3.56, 5.32] | VE approx: 1.3% | Survival at 365 days: 96.3% vs 95.0% (vx vs uvx)
2025-12-26 22:59:00,556 | MainProcess |   Fixed 365-day horizon: ΔRMST: +4.67 days | 95% CI: [3.16, 5.32]
2025-12-26 22:59:00,556 | MainProcess | Note: VE is crude approximation = (ΔRMST / RMST_unvaccinated) × 100%. Survival probabilities are rough approximations based on RMST. Sensitivity may overestimate VE due to uncorrected informative selection bias.
2025-12-26 22:59:00,556 | MainProcess | Epidemiological notes: Positive ΔRMST indicates vaccinated survival advantage. Sensitivity may overestimate VE due to selection bias. Compare to null simulation for method validation.
2025-12-26 22:59:00,557 | MainProcess | --------------------------------------------------------------------------
